Скв. 10
1. Дебит жидкости: min - 29,97, max - 190,34, ave - 124,86
2. Температура двигателя: min - 32,03, max - 161,93, ave - 86,16
3. Ток двигателя: min - 62,10, max - 141,85, ave - 101,98
4. Частота двигателя: min - 18,14, max - 171,33, ave - 90,34
5. Давление на приеме: min - 2,07, max - 158,54, ave - 82,53
6. Динамический уровень: min - 32,66, max - 188,00, ave - 87,05
7. Плотность нефти: min - 0,76, max - 195,40, ave - 91,16
8. Вязкость нефти: min - 13,63, max - 113,33, ave - 50,45
9. Напряжение трансформатора: min - 6,78, max - 36,14, ave - 23,14
10. Дебит нефти: min - 4,99, max - 180,69, ave - 62,45

Скв. 11
1. Дебит жидкости: min - 51,69, max - 169,77, ave - 126,58
2. Температура двигателя: min - 6,73, max - 94,88, ave - 52,42
3. Ток двигателя: min - 3,78, max - 150,27, ave - 91,02
4. Частота двигателя: min - 46,12, max - 88,74, ave - 58,76
5. Давление на приеме: min - 8,11, max - 166,88, ave - 84,55
6. Динамический уровень: min - 25,14, max - 198,51, ave - 111,42
7. Плотность нефти: min - 12,69, max - 146,21, ave - 78,06
8. Вязкость нефти: min - 74,25, max - 94,76, ave - 84,51
9. Напряжение трансформатора: min - 17,63, max - 109,52, ave - 48,07
10. Дебит нефти: min - 59,43, max - 175,30, ave - 120,35

Скв. 12
1. Дебит жидкости: min - 7,97, max - 198,16, ave - 141,23
2. Температура двигателя: min - 25,70, max - 185,15, ave - 86,63
3. Ток двигателя: min - 28,75, max - 179,65, ave - 120,06
4. Частота двигателя: min - 5,25, max - 137,25, ave - 85,55
5. Давление на приеме: min - 29,06, max - 176,12, ave - 124,78
6. Динамический уровень: min - 65,79, max - 196,84, ave - 122,91
7. Плотность нефти: min - 10,81, max - 77,50, ave - 44,16
8. Вязкость нефти: min - 41,64, max - 133,30, ave - 87,47
9. Напряжение трансформатора: min - 16,40, max - 182,60, ave - 90,79

